<?xml version="1.0" encoding="UTF-8"?>
<!-- Generated by org.testng.reporters.JUnitReportReporter -->
<testsuite hostname="MSI" failures="0" tests="1" name="test.LoginTest" time="23.932" errors="0" timestamp="25 Mar 2020 21:47:28 GMT" skipped="0">
  <testcase classname="test.LoginTest" name="loginTest" time="23.932"/>
</testsuite> <!-- test.LoginTest -->
